Build started 9/25/2014 3:13:37 PM.
     1>Project "D:\Git\SD6Midterm2\Sd6MidtermClient\Sd6MidtermClient.vcxproj" on node 2 (build target(s)).
     1>InitializeBuildStatus:
         Creating "Debug\Sd6MidtermClient.unsuccessfulbuild" because "AlwaysCreate" was specified.
       ClCompile:
         All outputs are up-to-date.
       ManifestResourceCompile:
         All outputs are up-to-date.
       Link:
         C:\Program Files (x86)\Microsoft Visual Studio 10.0\VC\bin\link.exe /ERRORREPORT:PROMPT /OUT:"D:\Git\SD6Midterm2\Sd6MidtermClient\Debug\Sd6MidtermClient.exe" /INCREMENTAL /NOLOGO EngineCore.lib kernel32.lib user32.lib gdi32.lib winspool.lib comdlg32.lib advapi32.lib shell32.lib ole32.lib oleaut32.lib uuid.lib odbc32.lib odbccp32.lib /MANIFEST /ManifestFile:"Debug\Sd6MidtermClient.exe.intermediate.manifest" /MANIFESTUAC:"level='asInvoker' uiAccess='false'" /DEBUG /PDB:"D:\Git\SD6Midterm2\Sd6MidtermClient\Debug\Sd6MidtermClient.pdb" /SUBSYSTEM:WINDOWS /TLBID:1 /DYNAMICBASE /NXCOMPAT /IMPLIB:"D:\Git\SD6Midterm2\Sd6MidtermClient\Debug\Sd6MidtermClient.lib" /MACHINE:X86 Debug\Sd6MidtermClient.exe.embed.manifest.res
         Debug\Camera.obj
         Debug\Connection.obj
         Debug\Entity.obj
         Debug\GameMain.obj
         Debug\User.obj
         Debug\WIN32_Main.obj
     1>LINK : fatal error LNK1168: cannot open D:\Git\SD6Midterm2\Sd6MidtermClient\Debug\Sd6MidtermClient.exe for writing
     1>Done Building Project "D:\Git\SD6Midterm2\Sd6MidtermClient\Sd6MidtermClient.vcxproj" (build target(s)) -- FAILED.

Build FAILED.

Time Elapsed 00:00:00.09
