D:\Documents\Visual Studio Projects\SoftDev Post 2\SD6Midterm\Debug\cl.command.1.tlog
D:\Documents\Visual Studio Projects\SoftDev Post 2\SD6Midterm\Debug\CL.read.1.tlog
D:\Documents\Visual Studio Projects\SoftDev Post 2\SD6Midterm\Debug\CL.write.1.tlog
D:\DOCUMENTS\VISUAL STUDIO PROJECTS\SOFTDEV POST 2\SD6MIDTERM\DEBUG\ENTITY.OBJ
D:\Documents\Visual Studio Projects\SoftDev Post 2\SD6Midterm\Debug\link.1560.read.1.tlog
D:\Documents\Visual Studio Projects\SoftDev Post 2\SD6Midterm\Debug\link.1560.write.1.tlog
D:\Documents\Visual Studio Projects\SoftDev Post 2\SD6Midterm\Debug\link.1560-cvtres.read.1.tlog
D:\Documents\Visual Studio Projects\SoftDev Post 2\SD6Midterm\Debug\link.1560-cvtres.write.1.tlog
D:\Documents\Visual Studio Projects\SoftDev Post 2\SD6Midterm\Debug\link.command.1.tlog
D:\Documents\Visual Studio Projects\SoftDev Post 2\SD6Midterm\Debug\link.read.1.tlog
D:\Documents\Visual Studio Projects\SoftDev Post 2\SD6Midterm\Debug\link.write.1.tlog
D:\Documents\Visual Studio Projects\SoftDev Post 2\SD6Midterm\Debug\link-cvtres.read.1.tlog
D:\Documents\Visual Studio Projects\SoftDev Post 2\SD6Midterm\Debug\link-cvtres.write.1.tlog
D:\DOCUMENTS\VISUAL STUDIO PROJECTS\SOFTDEV POST 2\SD6MIDTERM\DEBUG\MAIN.OBJ
D:\Documents\Visual Studio Projects\SoftDev Post 2\SD6Midterm\Debug\mt.command.1.tlog
D:\Documents\Visual Studio Projects\SoftDev Post 2\SD6Midterm\Debug\mt.read.1.tlog
D:\Documents\Visual Studio Projects\SoftDev Post 2\SD6Midterm\Debug\mt.write.1.tlog
D:\Documents\Visual Studio Projects\SoftDev Post 2\SD6Midterm\Debug\rc.command.1.tlog
D:\Documents\Visual Studio Projects\SoftDev Post 2\SD6Midterm\Debug\rc.read.1.tlog
D:\Documents\Visual Studio Projects\SoftDev Post 2\SD6Midterm\Debug\rc.write.1.tlog
D:\DOCUMENTS\VISUAL STUDIO PROJECTS\SOFTDEV POST 2\SD6MIDTERM\DEBUG\REMOTEUDPCLIENT.OBJ
D:\DOCUMENTS\VISUAL STUDIO PROJECTS\SOFTDEV POST 2\SD6MIDTERM\DEBUG\SD6MIDTERM.EXE
D:\DOCUMENTS\VISUAL STUDIO PROJECTS\SOFTDEV POST 2\SD6MIDTERM\DEBUG\SD6MIDTERM.EXE.EMBED.MANIFEST
D:\DOCUMENTS\VISUAL STUDIO PROJECTS\SOFTDEV POST 2\SD6MIDTERM\DEBUG\SD6MIDTERM.EXE.EMBED.MANIFEST.RES
D:\DOCUMENTS\VISUAL STUDIO PROJECTS\SOFTDEV POST 2\SD6MIDTERM\DEBUG\SD6MIDTERM.EXE.INTERMEDIATE.MANIFEST
D:\DOCUMENTS\VISUAL STUDIO PROJECTS\SOFTDEV POST 2\SD6MIDTERM\DEBUG\SD6MIDTERM.ILK
D:\DOCUMENTS\VISUAL STUDIO PROJECTS\SOFTDEV POST 2\SD6MIDTERM\DEBUG\SD6MIDTERM.PDB
D:\Documents\Visual Studio Projects\SoftDev Post 2\SD6Midterm\Debug\SD6Midterm.vcxprojResolveAssemblyReference.cache
D:\Documents\Visual Studio Projects\SoftDev Post 2\SD6Midterm\Debug\SD6Midterm.write.1.tlog
D:\Documents\Visual Studio Projects\SoftDev Post 2\SD6Midterm\Debug\SD6Midterm_manifest.rc
D:\Documents\Visual Studio Projects\SoftDev Post 2\SD6Midterm\Debug\vc100.idb
D:\DOCUMENTS\VISUAL STUDIO PROJECTS\SOFTDEV POST 2\SD6MIDTERM\DEBUG\VC100.PDB
