Build started 9/25/2014 1:33:14 PM.
     1>Project "D:\Git\SD6Midterm2\SD6Midterm\SD6Midterm.vcxproj" on node 2 (build target(s)).
     1>InitializeBuildStatus:
         Creating "Debug\SD6Midterm.unsuccessfulbuild" because "AlwaysCreate" was specified.
       ClCompile:
         C:\Program Files (x86)\Microsoft Visual Studio 10.0\VC\bin\CL.exe /c /ID:\Git\SD6Midterm2\SD6Midterm\..\EngineCore\Code\ /ZI /nologo /W4 /WX- /Od /Oy- /D WIN32 /D _DEBUG /D _CONSOLE /D _UNICODE /D UNICODE /Gm /EHsc /RTC1 /MDd /GS /fp:precise /Zc:wchar_t /Zc:forScope /Fo"Debug\\" /Fd"Debug\vc100.pdb" /Gd /TP /analyze- /errorReport:prompt Main.cpp RemoteUDPClient.cpp
         RemoteUDPClient.cpp
     1>d:\git\sd6midterm2\sd6midterm\remoteudpclient.cpp(18): warning C4189: 'sendTime' : local variable is initialized but not referenced
     1>d:\git\sd6midterm2\sd6midterm\remoteudpclient.cpp(71): warning C4244: 'argument' : conversion from 'int' to 'float', possible loss of data
     1>d:\git\sd6midterm2\sd6midterm\remoteudpclient.cpp(71): warning C4244: 'argument' : conversion from 'int' to 'float', possible loss of data
         Main.cpp
     1>d:\git\sd6midterm2\sd6midterm\main.cpp(95): warning C4189: 'BREAKNOW' : local variable is initialized but not referenced
     1>d:\git\sd6midterm2\sd6midterm\main.cpp(106): warning C4127: conditional expression is constant
     1>d:\git\sd6midterm2\sd6midterm\main.cpp(133): warning C4127: conditional expression is constant
     1>d:\git\sd6midterm2\sd6midterm\main.cpp(155): warning C4244: 'argument' : conversion from 'int' to 'float', possible loss of data
     1>d:\git\sd6midterm2\sd6midterm\main.cpp(155): warning C4244: 'argument' : conversion from 'int' to 'float', possible loss of data
         Generating Code...
       ManifestResourceCompile:
         All outputs are up-to-date.
       Link:
         C:\Program Files (x86)\Microsoft Visual Studio 10.0\VC\bin\link.exe /ERRORREPORT:PROMPT /OUT:"D:\Git\SD6Midterm2\SD6Midterm\Debug\SD6Midterm.exe" /INCREMENTAL /NOLOGO EngineCore.lib kernel32.lib user32.lib gdi32.lib winspool.lib comdlg32.lib advapi32.lib shell32.lib ole32.lib oleaut32.lib uuid.lib odbc32.lib odbccp32.lib /MANIFEST /ManifestFile:"Debug\SD6Midterm.exe.intermediate.manifest" /MANIFESTUAC:"level='asInvoker' uiAccess='false'" /DEBUG /PDB:"D:\Git\SD6Midterm2\SD6Midterm\Debug\SD6Midterm.pdb" /SUBSYSTEM:CONSOLE /TLBID:1 /DYNAMICBASE /NXCOMPAT /IMPLIB:"D:\Git\SD6Midterm2\SD6Midterm\Debug\SD6Midterm.lib" /MACHINE:X86 Debug\SD6Midterm.exe.embed.manifest.res
         Debug\Entity.obj
         Debug\Main.obj
         Debug\RemoteUDPClient.obj
       Manifest:
         C:\Program Files (x86)\Microsoft SDKs\Windows\v7.0A\bin\mt.exe /nologo /verbose /out:"Debug\SD6Midterm.exe.embed.manifest" /manifest Debug\SD6Midterm.exe.intermediate.manifest
         All outputs are up-to-date.
       LinkEmbedManifest:
         All outputs are up-to-date.
         SD6Midterm.vcxproj -> D:\Git\SD6Midterm2\SD6Midterm\Debug\SD6Midterm.exe
       FinalizeBuildStatus:
         Deleting file "Debug\SD6Midterm.unsuccessfulbuild".
         Touching "Debug\SD6Midterm.lastbuildstate".
     1>Done Building Project "D:\Git\SD6Midterm2\SD6Midterm\SD6Midterm.vcxproj" (build target(s)).

Build succeeded.

Time Elapsed 00:00:01.49
